500
0 9198 6706 3650 5787 3536 3316 4554 4298 1055 2002 6140 2057 3012 4234 8470
1 141 8032 4662 6409 6242 4738 6413 9122 3026 3101 3536 8506 1534
2 6698 5523 7617 5227 2160 7074 5639 605 3478 3646 5216 1535 6063 5155 2643 2288 2240
3 8166 7422 2205 2365 6381 8021 8202 7430 4019 1781 7212 8005 1668
4 9031 214 5686 113 1565 5646 9421 4110 6930 9822 2900 4470 3316 8406
5 4918 9346 6808 4545 9028 3816 8219 9825 6613 3936 7652
6 3770 6328 2672 2208 740 8112 7470 2929 5489 9215 683 7438 2986 5715
7 1046 1881 2130 7783 6804 3011 1714 79
8 7416 8420 3132 7660 4018 4289 2351 9609 7379 5458 6827
9 3622 3902 9245 5247 6834 5708 3067 8369 4588 6881 3064 2240 7652
10 48 5650 3273 8167 3352 4305 8488 3338 5808 1471 5044 9710 7180 4418 7791 5677 412 9007
11 577 337 5757 8872 6292 4053 9492 8843 797 1204 7948 583 5099 6778 7949
12 732 6539 5705 3530 1616 6302 8020 4586 129 4391 3134 6518 4457 6360 2121 2
13 8278 2054 9242 3275 8237 5328 8342 6267 2762 4230 5548 9764 1774 2121 2240
14 9286 6053 229 7417 5508 4755 8579 3690 6767 5606 8208 8465 2986
15 4242 1271 9543 7414 772 9874 8536 7637 4507 9243 1003 2911 9990 979
16 7299 4763 4882 4682 1975 6961 3765 4114 5283 4805 1223 2340
17 6003 1567 1712 7122 2950 3917 2057 9237 7216 9440 930 9979 7153 6613
18 6433 9159 6317 2844 8490 4177 5391 1901 5112 2934 1585 857 8528 4679 3894
19 6048 581 4750 129 7207 6837 3648 4404 5133 4995 8179 2781 2028 4901 7438
20 4214 7715 4001 3215 975 6519 6780 1972 6714 7890 5369 5175 1299
21 882 258 8557 233 2205 1675 5048 5909 8963 656 1182 1528 7036 7950 84 9545
22 8772 5900 1163 7933 9192 4273 1474 8408 4582 8254 3113 9930
23 142 141 7060 3448 7046 4230 6868 5226 4749 3617 6683 3232 8284
24 7277 2267 288 6199 9472 1966 535 697 5845 2837 7742 3079 9139 5412 2
25 5978 757 9701 7137 6688 6263 972 8656 6295 7475 7737 6082 7762
26 2536 5348 4452 7063 6260 9948 7498 8483 7351 3375 1380 4705 1110 2569 3602 2962
27 3317 5288 169 9326 1733 3862 9135 7262 5370 7203 9764 2983 145 3111 1984
28 1144 8642 7724 6495 4261 5707 4066 82 7897 6937 5457 6978 6613
29 851 5223 226 7817 3940 8467 1930 7024 9944 1876 7339 6236 4909 2
30 3618 4349 9779 3352 3018 9154 1681 1847 6217 6687 3584 8130
31 1171 2535 2762 8751 4812 4597 6116 1414 6956 7956 5260 4419 3827 8134
32 5608 5073 8564 4842 6268 4994 7946 7453 7566 7459 2121 2240
33 5118 576 9767 6335 9596 1823 3094 4037 2650 5917 7413
34 8603 8650 7416 8514 7980 7951 8443 8239 8286 6070 4966 2136 2983 8491 5715
35 498 2833 2755 1298 4498 2085 1460 9978 2842 1364 1731 9265 2555
36 8926 3266 4248 2691 3773 7812 4739 1717 6750 9191 6327
37 6100 4145 5246 2465 3859 6010 4295 9686 3026 9376 3858 6798 5715
38 3452 91 3670 3859 1730 9708 2843 3552 7255 4604 1956 2630 9007
39 7085 8556 1794 9113 4279 6690 6232 5178 6398 2674 2515 2913 5817 5704 9709 76 3753 7652
40 5844 691 1324 2734 1172 9216 4157 7128 9421 8329 9565
41 1908 4917 1438 7287 342 1089 3928 4568 3752 3783 1774
42 3028 6116 6331 7505 8575 9079 1355 724 6857 9187 7780 7938 321
43 1696 4564 6342 2035 8809 1224 2289 8773 4623 1850 1942 1625
44 3709 3197 6655 9707 2242 5391 4391 8985 8961 1379 2785 5862 3012
45 8454 1809 2331 5381 232 7554 8257 4508 4479 8989 8786 4988 2052 5412
46 6954 5725 7911 6211 7527 4265 6911 7588 3687 5307 3074
47 996 7174 1382 968 7860 2338 8118 9250 2518 8005
48 5495 6138 7803 2895 7282 7627 83 4456 9633 9640 1665 1554 2611 5677 979
49 6065 4757 1320 4330 6432 6129 5609 8947 9123 7776 8427 7946 7481 6938
50 3229 2238 1837 887 7217 5185 8951 6702 499 5423 181 3545 1608 7933 2412 7762 321
51 5927 143 5068 2942 4146 9632 106 6676 4305 6598 139 6635
52 8115 8628 1068 9895 7505 8580 8676 5103 4672 4524 8881 6226 4531 5880
53 5402 2059 5051 7924 3907 7225 7261 5035 6208 8881 2003 6390 3106 5783
54 7582 7561 9739 9065 7970 1697 1777 6892 6056 7093 3120 4145 1220 1117 7652
55 9894 2811 5674 4138 5570 9877 5391 9168 5355 4994 937 647 5219 2240
56 3963 8757 5291 3678 3224 8457 162 1618 9635 5780 6492 5064
57 7562 7490 6622 579 980 5952 3702 5799 5990 4359 4958 3074
58 7353 381 5319 5371 9497 452 2974 6559 9287 2552 3752 6687
59 4424 3059 1468 5829 8090 3112 88 3243 2370 5996 755 524 4311
60 464 5803 594 1185 7609 5897 3269 5447 280 8111 8507 5339 2407 2643
61 1262 353 2913 8483 9286 5773 5036 4925 5414 6738 3987 4362 5762 79
62 4032 6684 326 3359 2625 6233 4580 3436 477 8329 7413 2
63 2633 9002 1012 6085 248 1062 6743 348 1081 2732 3468 7880 5715
64 3220 1073 7712 2590 8354 5850 9661 5388 4253 1867 3056 2136 6101 8125
65 3621 3116 4978 8783 724 616 6968 1932 6640 2097 7642 8113 2870 9023 6538
66 1049 8555 6682 5461 8115 4224 7608 7362 670 642 5132 6883 2549 5801 2288
67 812 7662 4841 1464 9146 2827 3425 5439 6248 5187 3681 5358 4983 139 2962
68 4762 1851 2682 7450 6689 5316 1015 1331 9869 4730 5553 7126 3232 979
69 5415 2774 8205 6968 7137 8395 5482 1414 9406 4335 3250 8420 8418 6369 5762 2240
70 8846 1636 8304 7567 3822 9185 4251 786 370 5090 5258 5758 3144 2
71 4771 9115 299 2865 9778 2508 3568 3603 2995 6862 8626 2313 1461 6216 4199
72 8272 9958 6500 6150 9365 7103 3457 7317 6555 5872 3936
73 7340 5988 1456 3853 4334 7416 6231 9636 6293 9029 6178 4728 5064
74 4576 5697 1059 7118 5609 6739 5323 820 1432 5378 1508 2232 3842 6528 5677 9903
75 490 4532 2204 8668 5034 3123 1727 8249 6239 6926 5386 2155
76 4119 3097 5577 7528 3573 7437 6303 4756 714 3543
77 689 4813 8731 7508 6935 4956 263 125 6876 9831 6216 8794
78 8687 3514 7033 4845 6257 9856 2833 8837 5765 8535 7550 8982 487 4941 88 205 9244
79 7352 2999 8808 160 7571 36 4650 2236 7423
80 8629 1190 7720 9787 9454 3970 2265 2397 1843 2635 4168 6310 410 2327
81 1775 3475 360 4390 4273 653 4940 8093 3772 7356 952 2121 7153
82 5694 5957 431 7573 8895 2998 9469 8353 247 5006 1238
83 9801 6402 2434 8998 418 6745 9796 3346 9943 5061 7105 9404 3012
84 1278 2464 1069 3404 1866 4076 932 4792 7191 5199 4400 6547
85 766 2894 4518 4195 3675 8553 2101 9590 5908 9911 5471 1252 259
86 4653 5021 6987 1633 9853 3258 548 2336 2037 2857 4527 5643 79
87 7103 912 1753 2154 8166 5076 28 1133 6906 5515 76 7732 321
88 7547 5316 2627 2446 2429 1437 1976 740 7100 4306 5798 7607 5748 2288
89 4132 9647 6362 3777 7964 4510 1451 6358 3135 3941 7256 1016 2274 1948 8722 2
90 9239 562 7090 378 4347 6973 4115 2418 8630 8536 8345 9545
91 3218 3992 6490 3611 3519 1317 3909 5112 3776 8013 6765 9340 6413 1831 2630
92 1901 998 398 4903 5744 6229 4571 4882 6866 6172 4909
93 4305 3344 3296 9767 4369 2242 9675 4474 5811 367 4104
94 2547 3824 2877 6058 1038 9889 3873 5510 7370 9593 9666 2349 3316 7732
95 9180 593 6080 2311 1982 6440 9617 2242 7439 4151
96 9622 8527 8110 1520 9338 2821 7764 704 8686 5752 4176 8994
97 359 4638 4803 519 9498 3745 1912 7892 4554 940 4040 7023 6617 2857 1625
98 551 7032 4543 5786 5609 8935 2144 5772 394 4167 629 6930 1953 5155 3111 1668 2240
99 2161 1403 6834 8441 9576 6374 7422 2153 8514 4039 7382 6031 8990 9129 79
100 909 282 6868 5166 1229 5773 6127 1673 6272 3597 6196 7153
101 3136 2551 8274 4772 2789 9303 1730 7678 2098 7695 1117
102 8921 8158 6070 6539 3694 8159 995 3899 4814 6414 5097 2
103 8331 7626 6488 7013 8370 4253 3260 701 6140 6330 1807 8446 6633 2411 4558 6465 9244 79
104 8839 5044 5974 9779 5235 8447 9634 8899 2401 1638 2
105 7534 9644 3475 592 9462 7322 6427 916 2991 3050 4527 9842
106 8638 2899 1594 247 4310 4285 5669 1526 1669 3463 7101 3172 1979 5715
107 6249 7420 2560 1314 5002 8592 9038 6381 2143 858 5566 7373 7733 4286 4199 321
108 4977 2351 6617 10 2913 6505 4052 9881 9337 2231 8252 4378 4997 2437 2962
109 659 8714 445 5308 8724 9234 5392 6209 1784 7736
110 9966 7089 4538 2838 6396 8699 6951 2736 7095 1058 2962
111 880 545 3037 1286 2486 813 7398 1989 8060 3199 9125 8699 2960 6891 5899
112 7784 6001 413 2549 3445 4727 8763 2604 2972 4243 6150 2466 4583 2232 3360 2468 2158 3144
113 3193 8691 8967 3919 3142 5062 3323 2737 1086 519 7114 3013 7044 3602
114 746 370 2293 4777 6994 3822 696 7223 1308 7266 1668
115 6529 3031 4869 3149 823 768 5370 9154 9713 6698 8498 2962
116 2257 6012 492 7302 3000 1075 9319 1885 3274 2630
117 3897 3179 3943 2254 6474 1184 7605 8236 6835 3167 6727 1900 4400 79
118 8537 3211 5983 2716 4891 4518 8971 6661 8492 9138 4314 79
119 3033 9240 4144 4295 4103 9154 5885 5666 4920 7321 4340 3012 2
120 2378 6279 768 2698 366 1988 8674 4217 4034 9244
121 3126 1468 3782 4050 8211 7793 1147 2738 2817 2480 2
122 5217 4325 7629 5498 2230 7854 9158 8843 2893 3902 9075 79
123 7121 5033 9777 4278 1517 2464 8149 7061 2639 7497 5019 7385 6496 4175 238 2962
124 451 8107 95 1202 5065 4715 1582 8514 1463 3463 9706 7569 8043 2288 2240
125 5707 8718 1917 582 6607 2710 2450 3851 7782
126 9682 7134 757 5244 4792 140 8077 2176 37 1057 5922 9681 9265 5962
127 8804 6738 8251 3313 938 3772 5174 2536 7643 9604 542 4474 9669
128 4339 0 1387 7187 5898 1239 3546 2427 3916 3684 3292 5406 935
129 4921 4741 8148 4324 6335 498 7029 3864 133 8432 7395 5301 5160 4983 6962 8049 2121
130 4226 7865 162 8802 149 5074 50 9252 6179 6029 3758
131 3492 4980 6749 5650 6893 550 2682 4617 3341 9031 7120
132 9494 4233 648 3044 1064 5546 9484 3867 2713 26 1721 3236 6071 3496 847 7762
133 6177 3336 6476 6398 6191 7754 2254 5667 7139 8012 1447 1807 4584 8687 2513 6454 1774
134 1126 70 7687 5874 8793 1572 5002 9691 1023 3048 9319 6280 2114 3894
135 124 927 9394 9258 7996 3695 8730 6992 4686 3007 4340 79
136 4837 2315 2388 7718 3266 8003 9875 8398 5958 6100 9197 2240
137 7466 1158 1941 9859 4488 5670 5074 2361 3973 6123 780 2288 2962
138 3415 2117 6316 4075 4555 3357 8024 1726 3703 8293 2240
139 3767 568 1438 5498 4555 929 6240 585 9820 7802 3092 3961 2121
140 757 1848 5930 1919 5549 6548 9436 1443 5130 5048 2171 7012 3982 79
141 2398 7828 9394 6423 9628 3189 3859 9236 7821 3855 9740 5531 937 183
142 4195 2194 9037 3994 5606 1997 9705 5273 6551 6300 6518 4107 647
143 6906 858 3486 648 7096 1594 9209 8986 6074 157 2045 3333 1085 8858 843 5715
144 2172 2688 5798 5439 3398 770 3260 5838 2302 6817 2478 7146 7525 5390 6095 557 1343 6613
145 3129 3485 9793 9526 3650 7471 2324 7205 8578 3188 9352 3167 5737 8248 2121
146 5983 5856 9072 4404 4908 2105 3431 868 8255 5980 716 4959 8986 2028 6044 7699 2962
147 2395 756 5263 7226 4881 631 8201 4166 1686 2190 9681 9301 3877
148 864 9400 3899 6342 4820 9850 3490 3800 2225 2192 9990 3543
149 317 6004 2761 2863 2684 4305 3181 5587 6336 8920 8994 2962
150 9531 1532 5536 5147 8294 1109 5516 7341 5663 8227 8491
151 2372 1893 1333 8949 7124 4287 6035 5059 3797 6937 6044 3982
152 4659 441 1619 1895 4015 3429 6719 7534 218 5268 8122 8058 6918 7852
153 9222 8133 2049 5209 354 3022 6808 858 7675 9066 5068 5267 7349 478 3915 935 2962
154 7025 2108 705 2078 1249 4812 4415 3671 298 5971 3607 3936
155 8859 6315 6354 1722 4263 814 2877 1319 7951 5960 5155 1522 9409 6044 79
156 9967 7866 7993 1561 5634 8056 541 1562 9251 2449 7618 4271 583 742 5043 9933 1668
157 8044 631 5551 7940 282 7670 544 7946 7380 9005 1956 321
158 9248 1541 7356 4854 309 5919 9831 3257 1399 7729 7950 105 2288 6938
159 1159 8020 2688 9134 1660 4910 3523 5825 3894
160 1007 8518 911 3447 266 9334 5959 1778 4905 4567 5880
161 8803 4862 1438 1194 1975 5290 2032 9372 4815 2345 6029 1343 9842
162 4016 9941 7223 555 6119 9680 8000 240 7247 4060 9545 321
163 8782 2286 326 1939 8120 8074 1196 5268 4179 4618 1626 3946 796 1343 321
164 8367 6090 179 1180 9686 1128 7812 5688 5494 2760 3885 7413 2240
165 7906 8768 6835 3 3296 7819 317 3116 9696 2186 9050 3074 5715
166 1746 1530 4693 4473 5663 6864 4466 5267 8371 8810 5887 925
167 7515 4478 3216 2706 5443 5439 2272 4299 805 6151 8077 205
168 9954 9967 4360 8650 8732 5694 7668 6654 8287 9026 5583 5064 321
169 7173 3342 1617 7311 2594 4764 51 1506 6072 5258 7267 8406
170 1384 9387 3900 4938 5760 2161 1340 4315 1742 6269 4257 3320 3371 321
171 9876 5999 4655 1665 2363 9045 6035 7305 4037 4172 5702 2413 4985
172 3666 7482 3821 1046 6297 7152 2482 8672 6426 5270 523 8711 79
173 4865 1439 3337 5924 1653 1734 4844 7677 9035 1724 4825 8522 1942 6458
174 4270 1918 4814 3155 5109 4277 6768 4513 8168 3532 9028 6116 8864 8985 1496 2288
175 5 5650 5091 6431 217 9214 5585 9323 7006 3901 2745 6997 4765 2962
176 578 7441 3138 2285 8411 4445 5262 6587 2697 8107 450 321
177 4588 5498 9113 5282 6964 2145 451 6084 3903 2844 2668 2929
178 4479 5263 2800 8877 8348 5277 3979 2170 480 6586 8259 1353 2240
179 8597 6059 9610 3628 17 7223 5500 5056 4244 8418 5400 668 8566 2898 7413
180 1890 4351 158 6959 3613 3910 5857 3717 9303 3275 6581 7347 2175 2962
181 4186 806 2531 9950 9805 2306 5284 3730 172 5777
182 8803 6422 471 5943 4963 1478 7520 5919 2302 2256 5565 4035
183 7638 2102 3075 5001 240 3382 3091 4767 7050 6030 7949
184 3972 215 2916 6276 5727 5024 186 7677 2453 3823
185 4976 3148 4935 143 5807 9948 165 3015 2718 2030 325 4855
186 2621 6016 4215 6244 6605 1498 3382 950 4138 7940 4453 5726 979
187 9056 462 4422 4306 3923 8912 8916 2311 8717 3993 1583 8451 7266
188 7738 6186 3278 3410 641 3065 8398 6268 5369 2125 6139 3427 7949
189 7455 9819 5795 3506 3196 9739 3522 2135 1945 8720 5166 6258
190 8928 184 5394 7487 3600 6238 7911 4162 8564 7334 8439 259
191 445 1390 7081 6991 4592 2511 3096 1691 8702 7396 3128 7 2555
192 7823 6010 6011 1683 3218 9973 1262 3130 7687 2403 9579 5451 5715
193 5951 9231 70 52 9327 7563 2374 2035 915 7742 46 1134
194 4814 2678 3579 4512 5491 1209 3001 4522 3906 4171 3207 9453
195 83 5816 5369 3657 4538 797 2336 5861 2561 8927 1569 8836 321
196 720 2796 6312 7604 1199 8912 9035 7605 4908 4043 1492 3720 9733 105 321
197 5837 2090 3206 8337 3485 2291 3530 9768 4483 4962
198 4525 4094 9754 4120 3007 7554 7993 7611 2400 8298 6188 1290 1496
199 5843 8476 6430 2467 9455 3667 3383 8956 7690 4333 3184 7762
200 9686 4873 2717 5754 2852 3477 9477 8479 9416 9637 1430 6672 321
201 9437 9683 3041 4118 9994 5153 7155 9646 3554 7556 4840 4442 9968
202 5247 4655 5204 1508 2644 1428 6382 1825 9309 5823 2875
203 1211 3718 6188 997 4721 6407 5078 7138 353 3254 5512 6382 9688 2732 3836
204 2416 5324 4279 2460 6837 8373 6007 6408 8432 1053 991 1534 5715
205 3260 9866 5792 1794 9943 6343 760 5867 6169 2079 2690 8392 5308 8844 1552 4199
206 849 4063 4509 9375 4337 6339 7294 6213 4057 8286 7321 8715 3061 8345 5869
207 4867 7368 7150 608 8874 5415 3546 1040 6554 8252 6095 2240
208 4009 8598 8637 9735 3691 2262 5678 6994 4935 5238 7071 2335 4481 2699 1058
209 6097 7533 2494 4555 8168 6639 540 2504 7167 5101 1846 9330 3981
210 4386 3866 8271 769 5691 2673 4070 2844 7796 1527 5848 6938
211 2599 4724 8025 1347 9096 894 3211 3480 7294 2842 2155 2
212 9870 6645 9641 6821 3552 3884 8229 1972 6561 8622 208 8491
213 9090 6529 6689 8019 3180 2532 5833 3932 7518 6741 1878 5286 6545 7883
214 5658 112 6592 4049 5870 386 2698 7131 3255 6260 7559 6253 6836 6447 4824
215 1952 5890 9363 4197 4731 2226 7563 1536 4570 1781 3731 6352 7367 9007
216 3460 5532 8699 8608 3587 572 8972 4850 3106 3012
217 9333 5147 3890 1217 7989 4223 5220 8271 7457 9930 4199
218 9928 5613 349 3360 5924 3882 9828 3096 5404 607 3125 2735 2136
219 2871 1044 3329 5464 9967 1777 5017 2960 3746 1248 8599 979
220 837 1007 9272 2550 5503 524 6139 6459 1077 5283 6291 2715 1836 7670 4021 8671 6030 2
221 4285 8653 1395 5937 5492 4396 6871 971 5649 1586 3231 2639 5910 7526 2582 865 7880 2240
222 8150 3551 4514 3607 2446 5705 5469 6774 2548 5570 5142 5543 2962
223 3224 1336 6218 5835 7523 3057 9127 6217 2422 4352 5715
224 2759 9558 4318 1606 786 118 6425 970 7437 4643 6365 4071 3012
225 5050 3812 2823 4832 9644 649 5110 6627 5591 5484 2726 6765 6100 7120
226 6051 439 4070 4621 210 243 4078 2173 2795 1568 684 6582 524 5880
227 8053 3056 86 7775 5567 7797 2434 7414 5874 2484 2014 5254 1176 5788 8722 9007 2
228 8132 1890 2025 4177 816 3213 8425 316 4658 6696 3927 5202 8922 7575
229 646 2231 3152 5431 8929 7136 2622 3858 7873 3241 3348 3753 321
230 1615 2861 4993 5627 1706 6160 6558 1129 7115 1631 2603 4749 8445 1871
231 4412 2989 9489 2014 8738 715 117 8739 894 3100 2583 8920 3074
232 1189 6535 9566 6658 6395 6059 6042 4146 4429 9903 8134
233 8503 8955 6397 2423 2045 743 1753 7956 1037 9961 7574 4844 3757 935
234 5584 3523 3318 5235 8724 4454 2248 4783 8694 9020 462 9071 6465 7699
235 1400 4675 2703 3701 2481 9690 6754 6001 9803 9692 437
236 3031 8020 5694 3893 4551 1895 680 5474 4151 3830 1668
237 9863 4836 7158 1432 7363 3070 5653 3640 6092 4945 550 6226 5887 7234 7883 2962
238 7966 4231 434 3622 2991 6191 4735 6190 762 2982 8579 6082
239 9430 1357 3296 5055 1316 7564 7546 686 2922 1329 5097 9270 2240
240 8522 4148 8610 4044 1974 3412 967 4963 3175 421 3727 6413 7806 2240
241 5843 7831 3136 2511 2861 4291 6708 2682 2039 2155
242 7567 2169 6714 11 187 1992 144 2118 4442 8600 3758 2
243 1208 1468 3564 4631 3148 3689 9770 8094 7437 5389 1305 9545
244 7368 4629 7910 8071 7503 8446 7277 2279 32 6336 1510 1657
245 9314 3815 6911 9335 7823 8723 4812 2593 9104 2873 4664 5715
246 5054 4255 2933 6185 4126 1034 3529 8675 681 6587 6331 4958
247 597 862 5833 2781 5126 1201 4893 5055 1903 1269 3769 6388 8910 7240 2240
248 8302 3423 253 3433 1309 7832 7816 5157 3264 9576 1790 79
249 582 7089 4435 212 4530 2245 7881 3196 6374 7314 1750
250 1896 8276 3516 3096 2043 7965 4685 5478 276 6738 2900 8938 745
251 8519 2919 2033 614 3152 815 5648 9509 9715 2346
252 6824 5226 8010 3672 4722 7704 5859 9124 8201 3664 5307
253 3585 1119 4086 9655 8452 4665 7057 4482 7200 899 5484 9499 2166 9872 8908 8609 1083
254 7435 1963 9092 7075 9710 7381 3838 9810 852 9400 5322 79
255 6931 669 6626 2365 4609 3709 5826 3943 1936 8224 4442 789 3320 4661 7219
256 7294 1553 4829 7372 9253 3347 7241 4469 9168 9770 9075 5715
257 4907 6345 3542 6431 8914 6452 2295 6902 9980 3752 2182 7652
258 4410 2157 9946 6493 8303 2750 4529 9063 4226 2536 7110 7135 9842
259 5192 2360 8793 634 1662 1539 2653 4683 5901 6673 3035 6670 5045 6149 1206 205
260 9187 1034 2903 0 2744 6180 1092 3235 6325 4751 6748 7023 726 3376 9968 6613
261 693 9766 9459 1548 5174 9773 8659 1155 9933 6970 79
262 6475 7398 4008 2588 9481 5681 684 1611 3497 8728 5962
263 9186 7327 3692 1511 4485 6639 8001 6694 9364 3128 5194 9443 8193 5412
264 6167 4486 248 9718 9698 4204 7928 3322 6191 4378 8116 321
265 9980 8321 8788 8443 556 7378 1766 8751 9684 2704 2962
266 191 7830 3322 261 3973 9164 9249 7312 1003 9021 8894 1942 2662 8644 2240
267 8824 3179 7571 4852 9530 1003 8297 1109 2296 3432 2679 7240
268 7646 1486 7860 5481 9782 5358 1936 9876 7071 1729 4912 6895
269 9882 5539 5181 4414 7169 2134 4099 3139 8507 605 926 137 1167 9533
270 9182 9170 1227 773 7589 9293 4407 3778 3091 4077 2791 7463 5869 3012
271 7926 6446 2075 1817 8446 435 6481 2536 7757 2414 3032
272 2715 7295 7752 8468 2803 3436 9673 3939 5100 6499 2856 6020
273 8864 6299 6286 4145 3204 6984 5872 8364 2190 7351 1526 7688 6970
274 4394 2046 4395 4139 5911 6429 4610 749 5780 6269 9451
275 6299 362 9072 287 5514 426 1144 2942 1880 6029 1534
276 7057 7354 201 1620 7066 7449 3913 7157 772 9939 2239 1289 5715
277 4284 3553 7909 5213 2976 316 7647 9872 2754 2608 5184 4340
278 7155 2353 4115 5587 646 3946 7576 9972 8952 4738 205 2962
279 30 4649 568 1748 792 7903 6959 6089 8807 5631 3557 5161 9907 9453 2986
280 7295 8108 6362 4851 1351 9952 6158 4114 7620 9498 7782 321
281 4065 528 3814 2065 5824 2742 8365 5347 186 75 318 8319 8932 8939 8958 4340 1534
282 9872 9686 8515 7566 2225 6994 3571 3560 646 3508 4540 221 7153
283 15 8203 357 3123 1798 6354 8290 9304 7666 8613 4573 4798 7048 2240
284 8133 987 6607 5495 1314 4949 6697 1381 5972 8224 9273 3781 8470 6938
285 1977 7311 4700 1269 5268 4049 9505 599 3244 3163
286 5930 5128 8834 115 8198 2419 2235 938 871 3451 6188 7829 9677 7219
287 4421 1845 9106 4221 3214 7371 2379 9414 7030 7138 9296 1020 9138 7949 321
288 936 8738 3200 3028 7051 7086 2134 1549 3100 3679 8419 2346 4199
289 2793 9689 8725 228 6754 13 7305 5109 2452 555 2676 7742
290 359 8770 8438 603 263 8871 6108 4735 150 1681 7756
291 7536 3608 973 1597 3256 9168 3788 9337 120 703 1615 7377 7521 18 9733 420 9007
292 9466 4646 3788 6715 9793 6760 3818 2377 9176 8032 3434 8495 1774
293 1374 4932 7131 543 4028 6929 8560 3212 120 9704 467 5434 6423 2962
294 5456 7393 5634 4838 2770 4154 5695 4706 1282 7283 1255 374 6547
295 6205 6988 11 833 2812 4355 8754 448 6204 2685 7883
296 7424 6756 8804 8157 1424 4649 8101 8178 1398 6503 1319 1868
297 531 4000 8544 1376 4438 9221 4440 585 860 4624 321
298 2766 6948 180 8082 4189 264 2061 1045 6583 6082
299 6981 2487 6856 819 9316 6315 6934 9997 3884 4603 7599 3051 712 6980 2327 5715
300 1973 5112 87 8628 7226 9771 5138 431 3499 4374 540 7668 2128 7762
301 6402 6637 9590 1059 318 8596 3654 526 4979 5821 3877
302 6695 3346 7346 1453 8627 608 4293 9327 7807 705 5175 2240
303 9243 5271 1612 350 4 725 1416 3446 8985 6728 3395 9848
304 3638 2330 2372 8073 1738 1325 5066 859 3575 1396 1557
305 6440 2998 2124 4409 2381 9964 3579 584 9046 687 2137 4584 6099 6141 7652
306 5351 8760 4546 9911 8266 7793 8862 8268 3151 4293 2736 2994 3566 8663 2962
307 6606 8177 1363 4917 6776 8806 4816 9897 8638 1219 7861 3964 8387
308 8973 3298 6154 3598 6968 6976 9835 1165 4006 8672 376 2121
309 8397 1409 1717 1144 8056 593 9532 5145 5094 3362 6621 5869
310 7606 3214 2596 2098 147 6386 3414 6402 5498 1194 155 2962
311 2763 9656 6660 2934 9920 3622 16 8521 3599 4260 2698 2327
312 7578 4087 6224 4030 4160 6691 5180 5823 5171 5033 5455 5950 6913
313 473 7745 7358 7603 929 8492 86 9737 2591 2060 6547
314 9203 5689 8654 1745 5729 4609 9902 3568 1878 9029 7053 8043 4035
315 2959 8271 9115 2043 5177 6879 5657 8084 9873 9707 8488 4326
316 6569 5312 1628 2722 7326 8720 3545 1479 1292 1563 8046 6223 2699
317 2280 3592 5049 4328 7754 2061 6168 1653 7338 4056 1979
318 4249 9563 2328 871 9498 1531 2843 6705 7947 4285 5293 9306 7859 6829 5072 2666 321
319 8505 1158 7542 6665 4388 3239 7165 8686 5157 7651 8693 79
320 955 6793 2985 299 9528 2473 4472 5845 3362 9508 7352 1963 3363 9545
321 5105 5255 4699 4842 6318 1976 244 8219 849 1847 3657 4660 2414
322 4072 8542 9446 8837 7939 8611 5723 2289 9435 617 7842 5715
323 9769 7907 2378 8912 1918 5423 4116 1694 4983 5011 668 79
324 1976 2201 9660 9266 1055 4853 1718 915 2326 5724 8428 79
325 5104 2540 5994 1652 9318 4898 2830 127 2755 296 7782 2962
326 8312 5753 9817 834 900 3005 372 5279 345 6341 7516 3743 4626 139 9968 321
327 4102 8112 337 4610 1426 2896 398 2658 2767 6257 3157 7998 6401 5156
328 2585 482 7437 2527 3137 1414 3134 1973 6246 5365 6570 2818 183 3836 2
329 9566 152 5091 2541 9610 7161 2082 8650 3989 8343 7699
330 8911 2829 3189 3062 1665 1693 7399 6490 1502 7650 3380 9968
331 3971 314 8481 141 3954 8505 2291 1262 5494 9444
332 6985 8434 3344 986 8575 506 3418 5468 4893 4539 3877
333 2516 7038 3116 3495 2907 5980 756 9989 9226 8584 1371 899 9283 4021 412
334 7059 6593 9395 8983 8318 8509 798 2332 2347 9050 6170 3074
335 3585 2836 573 4153 4946 4490 1355 8661 6473 6278 1157 8293 2962
336 4703 5930 7531 4023 9263 9000 506 6010 793 8386 2327
337 6241 5850 9927 2421 9067 6974 5351 6002 9485 3630 8069
338 7500 8230 6205 4609 8228 6791 9350 6192 7342 7334 2239 1670 4326
339 9445 1698 6396 8956 358 679 6271 9811 9791 3153 8125
340 4493 1960 645 6158 2156 6181 3759 3356 1170 7131 5245 4350 5880
341 6488 2031 6112 7314 6441 6736 3418 7969 5739 8868 7290 6139 4020
342 2502 2779 8879 7011 2846 6436 6624 3155 7180 4320 3727 4752 1625
343 6452 1063 3854 2755 3142 8903 5034 6939 7121 4034 5748
344 8289 9673 1860 5070 3257 9117 983 308 413 6519 8506 8125
345 5599 34 7271 6121 9508 6590 9296 1756 7948 311 979
346 2035 7680 2089 4889 6257 6104 9305 4007 6048 3529 9483 321
347 7838 4820 2205 8108 7894 2214 3548 3626 6427 2673 3521 6613
348 4431 7377 766 2950 2726 3886 7192 896 5679 2501 4586 8294 3240 9968
349 2363 2605 5637 3585 5206 6628 6869 5103 2543 1210 5318 1846 125 1491 7153 5715
350 3286 8514 335 8036 6319 6783 9221 669 3015 4060 9086 9244
351 961 5719 9680 1210 7000 3667 3233 7441 8819 6978 2555
352 779 1554 1076 8338 6 9647 3216 4237 9730 3358 9219 5219
353 8483 4013 9763 8974 9577 9628 8480 6130 2798 548 9792 8293
354 314 1451 8153 4645 1488 1948 332 4634 5827 6152 3199 6071 4311 3830
355 5389 9379 6685 7885 8967 986 8669 6873 8838 37 8201 6615 569
356 5419 4083 699 2300 9051 542 2403 9293 114 5516 447 321
357 1021 7106 3135 2041 8457 729 7278 6811 9348 7201 2653 676 6020 8125
358 3990 7063 5995 4729 6009 78 5961 9481 5718 9142 8599 508 7320
359 506 1038 2062 5579 6859 3655 4648 3706 9188 946 4463 8092 7874 7699
360 6644 6239 3382 5682 9602 5089 2766 5382 9064 1770 9008 3936
361 3189 9788 8096 1590 5807 589 533 501 417 2376 5085 1710 7413
362 1813 4922 6757 2507 6519 1309 6743 9638 8044 3876 7342 6967 79
363 7658 9552 5000 2760 2173 7085 6840 5722 9326 6124 9518 3982
364 4403 6597 2530 6860 1431 2197 6468 3659 6602 1613 9178 7949
365 5637 5271 2653 390 8202 1081 152 6741 9119 4892 8990 5919 5543 6744 3982
366 3596 9096 218 2918 3115 998 4604 8657 9192 8300 9728 5471 3479 6234 6675 399 2555 5715
367 9704 1818 3881 6456 1962 2124 6004 3291 5329 4567 466 6323 5758 7153
368 2695 1591 2205 3411 8339 8827 2548 7350 936 4171 5492 2962
369 9928 4187 9656 4507 3366 1368 7002 7089 4877 4983 783 7992
370 362 5199 7985 2312 8262 5727 8758 6380 6102 4966 411 7604 9467 5848
371 3726 4448 5778 9543 7863 8847 1818 5740 9568 1335 6095 7699
372 768 961 736 8309 3459 9879 6885 6777 2834 1710 7883
373 8291 5292 1431 5549 5344 1622 7540 368 9279 5113 5386 1668
374 5612 8250 4595 4246 9752 597 729 8732 3161 3883 3015 489 1496
375 3735 5148 8890 274 7909 5602 2567 3061 2414 1774
376 308 7058 1430 3516 9104 8777 4718 5001 7390 272 7688 8248 9129
377 5169 8213 1107 9895 5790 2688 8123 8879 7355 8406
378 635 3653 7816 7739 5652 2076 1702 9958 2185 8430 1105
379 6829 5124 6218 1002 3017 2553 1268 6786 7036 5114 3745 5661 7392 847
380 8329 9006 6696 1138 9358 7340 1908 5444 2975 1286 1389 6258
381 5515 6213 529 1192 1824 4162 2112 415 3867 6112 7156 8350 3184 7749 9301 5962
382 3207 3527 7371 2808 3628 2576 1816 6345 9559 4345 2650 6467
383 3378 3247 5491 8317 1936 6033 3262 6706 9885 6101
384 2090 7042 4053 1154 769 6690 9253 5158 7375 882 6270
385 1517 775 7760 4808 6732 6384 2558 7824 1997 9160
386 9762 8529 3323 686 6051 3785 5241 9715 5013 5308 951 6938
387 54 9 9081 4895 1946 3502 9905 2283 3528
388 7408 5172 9019 7246 6506 9134 2471 3211 8004 843 7883
389 697 5432 2855 2082 8772 59 4390 6201 1504 4135 3265 8897 4531
390 1639 1109 4908 3397 8463 801 4672 2608 7457 6700 6385 9451 1091 1625 8134
391 8004 6396 7155 1308 2792 7355 5031 2657 5184 6176 7900 8958 6492
392 2044 78 655 2306 9066 2258 5584 282 5676 338 8920
393 440 6915 7581 5873 8486 4171 8072 3170 1179 5944 865 3376 3894
394 2401 1549 7627 8936 3908 373 4101 5547 1318 8880 697 4400 7699
395 2105 8432 2210 1194 8499 6923 464 4994 4276 2476 9007 2555
396 5723 5766 6637 1220 9092 499 2816 8602 2406 6819 3043
397 589 7957 2882 532 7154 9690 4348 490 8540 8122 1439 7434 148 4199
398 8412 9547 6164 1614 312 169 5991 2337 4070 4429 8978 7183 7806
399 1637 3628 6206 5236 6291 7083 2311 7260 6797 7085 3743 8210 2760 8183 3023
400 7942 4586 3118 7867 4577 1880 2331 7060 7268 5581 4674 4752 1383
401 7784 8737 5363 5312 6114 5228 9597 2992 7765 9777 3584
402 8522 3279 2091 9524 2024 895 568 3169 9829 5176 1831 5462 2858 9968
403 7361 8443 4601 6753 4683 9997 9941 4177 4050 5504 4971 780 7762
404 9886 4329 1519 7243 2048 1726 1017 4640 5803 7607 5982 9040 4199
405 8774 4872 5486 3057 7999 6156 3630 3865 1025 5340
406 2076 7646 9339 6295 5753 5647 9714 506 3020 3830
407 8481 7263 3271 4243 1654 5928 3536 6303 1829 5568 6978 4314
408 529 5907 1273 6325 6834 1795 1347 3404 3597 5778 7800 2168 654 475 3251 6537
409 634 2923 1914 7654 9908 3310 7104 2200 8658 9902 8600 2322 7438
410 8194 4223 1620 1694 6213 4462 2316 4305 7928 2855 7367
411 8314 1773 8349 1208 3796 4905 1998 7301 6426 7079 7678 8713 7367 5412
412 1863 3570 8280 2568 8954 240 9581 7627 8529 2712 9931 6613
413 765 9359 3334 117 534 4694 3743 980 3341 2669 3610 1124 1042 427
414 5514 1890 7181 8213 1017 9727 6286 9808 4365 4985
415 6205 8639 1376 9319 6852 698 3125 6826 6541 7571 7482 6437 6613
416 6136 9721 9678 1810 9377 3702 4312 3036 1484 2357 7847 24 7347 9048 8227 7153
417 3729 9196 8703 8056 3534 1698 5727 5692 9664 9014 8722 7652
418 8625 4420 26 7837 2350 9005 1041 7264 5864 6549 1651 7320 7732
419 639 4220 5377 5994 7080 3133 3598 5250 6673 6611 6258
420 5835 3205 6563 5722 6094 241 7373 7729 2847 8431
421 7663 4564 6205 2765 5590 5316 7999 2223 2215 8270 2393 2611 3543
422 7872 9983 7086 4297 6651 3711 8496 9123 6396 3053 5762
423 7603 1675 6510 504 8737 4533 2364 6444 450 5412
424 5691 5223 4982 9636 5689 4466 6120 1660 9260 2485 993
425 213 3563 2558 1491 825 4030 9350 7009 4637 5068 5849 7694 7289 1105
426 3775 5195 9161 909 2270 2262 8964 2881 4845 6767 4377
427 6489 7513 4169 8661 9699 5086 8511 7909 8822 9816 9332 4736 2954 8105 7949
428 6246 8885 7319 2811 590 5786 6755 6593 6221 3597 2856 2847
429 7602 4292 2616 4733 4704 3988 4026 6563 9041 7719 8990 8090 2741 148
430 957 2228 325 4331 1288 1799 7539 8712 2997 4668 7896 6014
431 1483 3122 5845 9326 1410 4233 7900 904 7379 2986
432 8725 2590 2888 9127 3587 5298 3200 3557 3122 7001
433 8981 5147 2580 482 9066 7578 4050 2402 648 8700 208
434 9507 9932 698 7222 7588 4097 9534 1725 2976 7939 2979
435 3633 9902 8035 3915 4370 7638 8206 5770 3673 8580 1117
436 7945 6138 2733 9959 610 8815 1727 5289 2767 6799 3607 6611
437 7229 6789 9517 588 4711 9843 2680 8244 4186 295 2013
438 2814 4955 3889 1893 7585 2921 1109 3055 7324 3022 901 3836
439 9015 8474 633 8879 466 4270 4587 7952 9437 3520 9829 4393 6675 1125
440 4289 7912 4608 2919 7385 7100 2860 5289 7454 4258 6819 1066 2666
441 6812 2813 522 2532 5704 3661 3862 9585 4937 4386 1665 5781 1580 6141 9533
442 42 4584 2423 9559 5976 9519 2788 6299 3461 8822 6343 3395
443 8819 8572 6413 1326 7723 3635 7496 3536 9181 7008 4368 3961 4343 2155
444 5577 9838 2253 3301 8962 7127 4082 8461 992 6413 1238 9968
445 6368 2606 2936 1204 372 1773 2850 2440 7410 3777 8710 7538 2060 6547
446 7570 6315 4659 1213 7564 8622 8801 7005 1835 8265 4954 286 1646 5322
447 3547 4856 1556 9936 8372 7840 4863 1318 2985 2716 4558 5748
448 9021 2504 1996 5236 8768 8346 4740 773 9159 5849 447
449 7626 8407 7128 1003 5028 767 8458 3995 3943 4299 6060 7285
450 51 3253 9041 1362 2111 6206 1783 5189 6784 9226 1731 2155
451 6565 3039 3448 8247 5180 6143 7387 6777 7904 7262 2897 4520 6465 7240
452 5998 5416 3625 4440 7450 1075 5344 5008 9415 7720 9865 761 1343 9842
453 3189 3491 6250 9725 9196 6235 5955 8090 9422 6366 4071 7709
454 2935 1508 7351 2269 5673 4111 2243 786 7841 3256 6808 4692 2857 8212
455 5920 1742 6309 8684 5716 5093 2091 6745 9592 5129 3832 6770 6296
456 5183 9804 6924 2115 3310 9820 9335 3759 3668 1417 2673 1534
457 8335 9886 4713 4572 5546 7128 7174 9272 6897 4590 3231 865 3961 427
458 336 5637 2567 8374 3420 1906 2512 3055 5418 9723 1670
459 8801 5195 3715 4976 4924 9958 4225 1650 5685 7659 838 2643
460 8638 2039 5338 4274 4363 6900 7419 9385 4646 6099 4434 5659 2349 1784 3012
461 2727 6108 8610 5963 5104 8886 496 9559 8038 8958 7036 1429
462 919 587 7955 1169 7322 4429 2216 3735 7318 7753 1791 3684 5962
463 9936 9235 8729 8079 6627 3900 3486 2245 4956 3126 6997 4691 2349 2288
464 6200 9994 4302 125 7083 3327 6984 8669 3452 7797 2283 7509 3465 5006 6030
465 4472 2835 7115 3088 3837 2124 9277 5697 2380 4944 3989 3077
466 4873 1820 7134 3746 8966 2283 3743 8464 2380 1320 8089 780
467 6163 4247 5297 6356 5107 7961 2326 8225 6118 1411 9898 8716
468 2562 3774 9092 578 8510 5369 5867 6634 9419 4828 208
469 8295 8591 3922 5078 4914 974 741 6947 8712 7084 9367 7204 6538
470 4088 1003 9088 5176 4257 2710 3282 8813 9803 3068 5509 5607 7732
471 2233 2359 3117 68 5829 9735 3576 1899 6809 5986 5482 7456
472 6524 1672 3391 256 7567 2115 4986 4840 7819 232 8037 9846 5111 6014
473 244 1446 6089 1477 5623 3300 345 8217 4745 7274 3406 8828 6137 2615
474 1344 6752 9153 7796 2511 1844 1723 1782 6361 6724 5386
475 4149 8261 1394 9517 6425 8080 2542 3205 9740 5014 8005
476 3021 1591 6172 3033 6747 5365 8527 3025 2861 9603 6398 5810
477 2231 4603 3480 4281 5312 9883 1437 6160 3196 1515 8078
478 3978 3192 9336 1163 5091 5154 9549 8050 3864 1303 5869
479 3657 8753 731 5983 6641 6891 7927 766 8285 729 6221 6425 3783
480 8199 6755 6072 6193 3777 2614 4753 7860 931 7321 5451
481 4591 1435 2552 996 3818 6245 4973 4001 8875 7330 148
482 8865 3737 611 2048 306 597 3825 7566 3408 9487 4117 7333 105 8994
483 2218 7999 7521 507 7810 6888 1160 8350 689 7106 4439 5258 8307 7736
484 1836 5435 210 2279 3523 1095 9941 3546 7090 1552 9244
485 3478 2852 8160 8481 2215 2599 3725 429 4398 3249 1083
486 1191 2560 4267 7931 8418 3408 254 6217 6996 6395 6445 4784 1125 2288
487 4093 7802 6789 320 2749 3867 4518 7167 301 8501 5005 6909 1059 8092 3004
488 2393 5922 353 725 6115 4704 7376 5701 8443 2420 9765 9467 1625
489 6759 4674 9817 1230 2976 461 6907 3314 5761 4538 2685
490 1274 6334 1006 1061 1885 990 6089 542 7343 7969 5483 8293
491 3597 57 4159 3940 9656 9980 6878 6677 3262 9317 5092 2147 4036 9008 7883
492 8056 8978 7542 330 2023 2297 9503 1566 7127 6859 6690 5235 9803 6054
493 6902 4204 9626 4888 9570 4223 5493 6358 8078 1458 2064 2630
494 6019 5773 7642 4789 7332 3419 2319 7566 1963 8773 4586 324 7474 925
495 6274 3384 1883 217 3280 6230 8810 9011 7231 9992 9957 8105
496 4896 1779 5165 8990 4982 7606 7128 3629 1301 2511 5791 774 3229 1878
497 4566 3501 1248 976 5672 2645 5055 6879 7687 2505 935
498 8012 2361 7058 2674 6965 6551 9286 6366 4331 2650 6980 7762
499 6636 1276 5532 7116 5977 5723 3469 822 3268 1530 1801 3092 1750 1774
