100
0 88 28 1 25 0 227 757 532 29 42 9577 118 21 19 86 191 1501 653 22 6 181 3 558 2 6302 20 2622 4 7723 5534 7 9030
1 2 0 6 3626 91 113 1290 4535 233 378 892 17 14 3 49 749 26 13 58 201 200 67 422 65 154 16 1780 3772 2128 160 228 928 355 8 138
2 0 28 317 1 29 8 68 7 3 77 19 378 476 3506 18 423 20 5 1296 1915 39 394 34 8970 30 9 4287 2 469 6 482 841 120 176 155 3244 3756
3 1 244 56 10 16 4 17 0 453 6 31 1202 52 712 20 1114 48 2 2648 229 40 6188 3 24 7105 6491 8 51 573 5463 19 1779 148 554 138
4 58 3476 8912 0 3 54 474 6 15 48 25 112 33 7679 3067 26 37 1 20 247 3976 239 30 89 7 917 19 14 24 8166 344 484
5 5 18 1 3 26 16 25 62 1292 353 4 0 56 104 904 728 92 23 15 347 86 362 2 642 48 6554 245 345 460 64 17 2208 27 1263 621
6 4 2 1 5 3 0 440 14 16 701 479 111 2647 2192 141 34 413 160 101 19 9539 1912 2138 2033 10 18 21 52 63 9 8
7 101 2316 435 141 0 12 7 901 41 3 5 608 1 2 580 65 6 232 4 4471 606 137 262 254 2615 6393 552 31 27 20 709 148 8 9 7624
8 82 10 26 7866 0 206 3649 49 1542 2 9 487 1 134 111 5 14 93 267 3400 1056 66 3 12 20 183 307 4727 57 821 974 8 1388 1122 1495
9 5451 1 0 5 719 24 14 30 6 197 57 483 3 160 2216 4 262 46 143 74 39 1484 11 458 263 2 35 2381 59 795 581 8 554 1077 6729
10 0 151 4310 1142 831 2 4 137 3 1 5 95 6 37 5478 7 279 617 2660 62 708 119 1419 2010 13 301 34 18 6011 70 4420 36 63 290 4106
11 29 66 1307 4 6624 2 25 0 53 7 47 282 726 7328 9 5 51 31 806 1 7918 3292 8851 61 72 193 3030 1135 16 2583 185 6 65 303 126 1958
12 1410 199 16 389 1 1199 1867 11 100 623 19 52 0 37 393 87 4529 3 3724 5 8 383 368 113 29 7 129 6 45 44 256 22 80 395 2153 1263 1310
13 3 7322 141 405 5 143 553 0 1743 22 215 12 15 3099 95 165 2 1 327 20 48 4 74 7881 4723 9 119 8 566 7 731 1888 5482 7242
14 240 1 33 13 0 3001 311 23 68 99 9512 22 61 4 21 6 141 1687 1076 3986 789 237 48 47 1094 72 1519 1387 74 243 4977
15 43 753 439 2 3 40 339 905 0 14 98 130 110 211 10 5 2339 18 243 341 9907 158 20 8 552 26 7585 4 1 69 52 39 19 1962 90 3198 9365 1263
16 5 1 0 22 2 478 226 50 243 30 3 2506 16 3929 68 14 8699 45 356 381 164 805 51 64 438 822 26 606 24 6 3471 8262
17 4651 0 1 4291 5227 70 530 2382 579 32 264 16 1116 93 1024 2 26 64 19 1002 9 13 40 1882 23 25 4457 461 583 5381 176
18 1 7 283 0 338 885 1857 2 1070 11 43 83 3372 9 2165 66 25 73 68 17 534 2033 5 5633 140 4 18 12 42 5789 6 3062 7984
19 80 13 9831 808 2 26 726 41 5618 7493 53 888 5902 676 60 1608 4 89 517 1088 518 39 268 1 5078 151 2636 17 52 663 6628 8 1572 1737 138 5926
20 560 597 11 71 244 110 0 295 80 66 2 3706 943 1589 1 185 16 9825 527 3632 9 99 18 3 6 549 152 5 2600 4 14 15 9755 138 859 155 968 900
21 852 2 12 1 4911 799 5 1869 4247 0 538 7 8687 1229 190 51 7161 29 24 13 2384 32 49 1924 3550 41 552 9 4 136 577 28 5661 63 1283 583 3849 2264
22 369 5 2 3156 0 1461 180 2989 13 500 3935 24 18 8 1 886 27 1158 25 233 36 41 105 315 117 20 1665 66 48 1039 1395 176 184
23 23 68 2 8909 623 70 1109 45 6 3 28 7202 17 2072 0 12 401 52 188 49 4 6882 78 159 1636 43 1132 3074 5 26 9 155 6138 554
24 0 2546 299 74 1428 7 11 5 9740 2 42 1 197 3 116 35 41 5165 203 81 216 232 15 399 3878 37 8480 934 133 10 24 1655 8 454 355 708
25 2522 11 2 0 1 29 4 80 464 16 2770 60 8 48 37 98 33 2007 17 15 10 4311 505 7 6 230 165 9 43 26 919 728 485 583
26 31 5 803 6 3 18 4387 14 0 182 9 7726 116 609 5747 2 549 227 5974 1 711 4 105 902 13 12 1101 34 4494 1910 79 38 850 309 725 1290
27 4 252 20 464 1 35 1427 36 0 1981 170 40 64 6 2 81 10 235 176 11 2453 1922 6005 936 1934 19 7470 97 9 5 339 9334 37 150 27 138 8080
28 1191 1107 1 3 8176 2 53 127 23 2426 68 6303 14 16 2944 0 22 731 2384 21 3689 6 1003 38 2272 50 37 6481 681 90 9 8 968
29 47 507 13 0 39 18 2 876 9 524 8 33 10 145 74 220 24 4 56 25 31 412 1 27 29 15 7877 161 147 5 7 65 138
30 0 843 677 9 13 1623 3 4 23 7 5 32 1 73 242 428 2906 860 11 6 16 551 83 182 259 546 305 12 2 9837 14 968
31 6 204 7 48 1 24 16 0 2580 4259 34 2 3000 110 132 4 449 3 8473 5 124 9848 2400 19 8982 12 667 580 116 14 869 985 867 5921 3097
32 20 18 42 113 2 1 0 242 4 12 2419 10 72 733 3 7691 21 4061 320 11 4345 2378 2325 5168 390 7 154 1318 94 66 102 120
33 3173 20 5 3532 0 25 136 8601 2 4 7 8 19 240 6 204 188 115 276 145 107 46 528 141 1993 1 561 28 33 2627 313 1732 44 45 9 901 2383 229 126 3097 2848
34 3369 665 941 5 2142 620 46 1188 163 42 437 0 54 1004 134 2 155 2868 16 8 3 128 53 27 38 4498 26 487 11 59 9 174 526 14 6656 7 3248 2153
35 1 7559 26 9230 3 42 766 2610 71 0 28 5428 4374 35 9495 482 33 700 1585 1557 167 11 4 448 32 405 6 10 13 1721 665 686
36 17 1032 623 0 10 501 4705 117 12 5 3 136 1713 25 349 59 34 2 1902 87 174 2108 712 41 456 312 554 2591
37 56 4 4701 472 1 465 0 173 89 6061 5 6 29 7 3511 3 685 3888 2839 8 2 32 166 78 177 168 1104 39 115 27 4371
38 50 2 43 1 30 7311 215 0 5 118 81 60 25 35 11 6 101 146 3220 846 277 16 62 6239 89 276 46 65 2371
39 0 40 1174 67 4 795 1 92 3853 9 20 301 3554 3401 115 186 98 3213 17 54 7 47 2068 1947 39 70 35 14 15 2 60 26 37 55 309 28
40 1439 1 0 4657 20 19 174 11 49 245 3000 6 12 3 5831 1046 111 127 35 14 682 70 3843 67 183 17 18 87 9 725 2120
41 84 74 251 24 8 1 9 923 309 78 3 141 38 59 0 79 20 34 6166 2 1116 11 45 2615 169 87 68 1233 41 282 52 2153
42 8 4 0 2 40 3 861 334 14 1 34 5187 13 7031 25 2178 3624 440 424 42 74 52 4424 247 229 10 6487 520 6 27 159 5 3054 1429 1495
43 4 6 405 0 10 226 320 11 3229 6281 261 30 23 98 199 7296 14 2 15 874 161 1 240 1965 13 5658 38 9880 2579 55 275 50 24 73 120 155 1572
44 4 1963 2747 1360 139 0 1 7 92 242 15 6257 18 19 333 144 1022 9 2 40 769 33 5167 7086 8 10 1358 42 7430 23 1993 36 6 4301 69 138 708
45 399 106 504 7 0 2 15 254 27 3 771 138 93 37 917 1 1015 8 10 6 4547 966 67 34 99 371 25 5 3475 675 199 139 155 867
46 8743 11 9 1 3 1098 4 152 1576 1091 0 6 14 15 52 5 6397 6869 65 129 1293 2 389 448 143 2837 5435 59 63 128 12 245 1498 968 121 107 155 1502
47 67 8 0 47 492 51 26 17 31 7 71 36 494 1 1416 45 12 3662 2 168 108 4204 154 104 234 54 5 9 8719 3 20 155 148 138 2264
48 0 40 1869 12 8423 2381 4 4709 8 1335 1 3406 4836 46 9 557 22 99 2185 64 5860 551 291 3118 3 29 953 38 333 399 152 28
49 71 300 6670 7 0 48 1041 2 2633 1490 3130 49 20 61 1 5542 5 4 669 161 33 7328 3 2343 3612 243 12 2420 10 28 176
50 0 13 16 1 7 59 19 5016 14 25 31 6 12 6314 4129 3 1232 3113 1400 71 447 44 2 2078 4863 196 1702 363 1369 20 37 3875 442 9 5443 6048 4807 900 3244
51 138 0 345 487 780 185 93 468 180 2620 297 1 5 20 127 1383 1035 9165 6 14 225 2 3 493 1063 284 81 12 155 4946
52 0 3 18 261 326 59 1366 651 46 336 1 36 293 5 34 4 63 6 342 3620 55 1085 333 268 9 146 15 10 2027 126 1153 252 708 6402 1482
53 60 6845 600 4132 168 96 3 32 681 7241 0 1032 106 6121 23 34 2328 1 366 16 192 133 135 2 155 496 5 140 4 7 17 26 18 8 120 968
54 12 239 147 314 0 26 2 48 6 319 92 11 44 687 452 71 53 18 4 64 1015 35 95 10 310 6751 51 14 176 69 138
55 2033 77 7701 797 0 8 12 6 127 10 656 1 22 83 175 97 203 2 30 5 9 715 19 31 377 64 40 2580 1225 25 15 87 165 967 58 484 126 303
56 728 1 3 228 0 174 2500 7 2 46 254 246 573 24 11 9 36 50 1787 41 33 17 44 239 16 76 19 3298 3530 69 303 1502 2264
57 258 0 20 829 238 113 43 145 8 2 1155 7 166 3 1061 4 45 1 1972 1112 48 945 36 415 739 42 505 22 56 158 9 216 29 3490 187 90 6 2741 583 1334 708 3975
58 357 0 1 45 295 3 934 12 8682 1921 2 15 17 6720 575 5 1498 745 7 18 1057 3603 28 79 30 4295 52 13 376 5543 61 1330 5231 252 1171 138 1290
59 86 3 1 2188 0 13 1098 152 7 43 923 4 2 763 2736 878 183 6135 733 6357 57 27 150 5 14 6 55 169 736 684 25 504 756 38 1059 2430 873 2060
60 1 31 125 40 4 9770 38 1619 7770 424 736 1382 71 292 0 586 144 2 2501 23 580 7 15 77 14 3 935 6381 708 2848
61 6269 1 16 4304 18 4 8 2 60 5 79 90 0 25 52 10 1045 7618 255 66 49 37 32 36 114 366 55 320 50 6 1601 9 583 1263
62 582 85 84 469 1283 1 158 0 2 4 732 6224 69 6 89 32 147 187 16 4127 31 6937 60 5 191 148 98 7252 479 608 28 277 62 999 3 117 3870 1173 1310 138 7624
63 28 0 68 9486 559 41 3 5313 110 316 2 17 6428 1 14 466 27 298 451 1652 3054 499 177 829 40 11 195 8 136 1010 20 125 2148 56 82 60 143 859 176 2112
64 191 75 1738 17 112 7860 10 1021 0 1 3 1759 6450 1266 5233 924 93 174 633 2401 47 29 5 6554 355 8 9584 869 6769 1737
65 2 12 0 71 57 1 368 16 45 285 1180 2527 7 65 4 68 5064 27 710 8886 654 6 3 168 3860 28 692 217 51 2638 3254 9 299 372 253 6459 5482
66 2179 3 3292 4 0 9 3730 1 43 2 1906 14 1901 54 111 10 874 16 435 112 12 2138 4654 4775 178 38 160 444 51 138
67 0 1 641 535 4354 67 52 5 2 6 47 15 579 7 110 4 8 9 177 115 3 144 424 4508 12 83 7007 747 517 1861 64 51 1812 22 78 4347 9824 5921 3975 1671
68 0 1 308 63 9 618 54 29 177 7 16 132 49 10 1127 2 855 27 1215 24 2933 59 2454 1122 46 23 1501 320 6 115 4594 224 599 120
69 0 10 1 91 533 1358 5 22 2 39 104 54 3 15 9531 2744 279 68 60 7075 160 11 25 3716 24 970 1661 1408 2120
70 1 400 188 3341 758 58 0 13 2 424 113 5 366 364 79 14 201 40 1013 1887 65 37 21 365 169 1332 843 3327 39 6 27 968
71 1360 0 7 919 290 214 1634 18 1 1645 67 14 3271 33 9 4 10 5 2 163 31 7406 83 25 204 3 8151 32 151 1494 6924 30 1465 1028 155 5091 3684 1671 2591
72 76 6190 192 29 0 5 173 66 1 11 492 3 15 379 5029 9 30 2 35 38 535 819 6577 111 8 36 2322 33 1347 42 14 890 62 138 3046 121
73 11 129 5603 0 225 467 2 10 5 604 816 30 4 12 35 3725 921 110 3666 39 703 3 46 361 112 56 2377 29 80 26 1438 14 7056 8 27 2076
74 17 7 0 531 56 1170 223 5 31 2386 8334 2 4911 1 27 13 352 195 624 930 1622 4 3122 5450 62 6 7412 51 23 2300 59 345 16 1930
75 1 11 2207 6662 1759 911 0 3247 2725 2 33 401 14 3215 479 50 6 53 1193 3 17 29 778 109 850 37 60 65 229 5 48 63 8271 329 8270 72 148 2616 6165 1671 138
76 2446 56 7749 1675 777 1 2 4588 0 24 86 4884 18 2638 206 452 404 175 967 36 691 208 15 5415 72 5 198 59 148 97 107 2364 3906 678 367 9 1540 867 8 138
77 1 20 23 24 324 0 11 29 35 4431 3561 9 2 5 354 1455 27 19 42 75 259 3 4 1221 1374 174 65 5432 12 66 28 7636 14 1005 495 404 1352
78 153 0 85 15 1229 18 111 1250 27 7451 14 72 227 5245 4 64 9219 94 77 422 68 56 122 323 4509 1 26 901 7 21 442 1310 968
79 7771 466 0 2 1 3 892 70 660 4 244 21 72 28 525 9148 5954 7 498 6 3209 14 13 190 67 557 151 24 6862 19 1482
80 22 43 0 1 355 7123 20 46 107 2 21 68 6 87 5 903 9872 27 128 41 32 51 54 16 192 170 14 111 361 4 1810 175 909 968 303
81 3 4 5 0 7320 7 2 68 1 659 8728 35 1226 40 123 2642 236 16 423 9 342 61 2424 13 210 71 58 178 714 524 2789 25 98 8 794 27 1164 41 117 15 371
82 14 0 18 349 79 38 1506 1 5 3 56 3545 72 1260 9 739 844 291 10 214 118 224 249 144 40 8826 6117 112 688 823 743 1585 832 11 27 8 731 7677 3097
83 79 19 5 2035 0 37 4225 1895 366 9876 17 4 3 2063 24 1 21 112 168 9412 6 4512 449 240 16 11 15 2 154 145 456 4189 607 155 404 8 900 4178 3244
84 370 3 0 4 16 1 159 5667 2 878 95 32 7189 94 4642 6868 660 60 11 96 12 28 2420 2034 17 9 263 20 3618 679 111 2246 24 621 5276 3097 1737
85 6038 20 3898 32 113 64 1 0 4 46 645 2 1093 6261 17 6 16 11 1711 3 906 363 22 9 773 280 5 220 265 8 3398 6304
86 222 588 23 54 3901 0 22 6 34 26 2 29 5650 11 1051 12 1044 1 194 484 1490 97 232 4 20 13 14 7 552 1826 5253 126 7055
87 2 0 1253 159 918 22 26 550 32 6 5 18 106 30 1219 64 6926 1 12 25 3233 14 288 715 77 399 92 615 16 131 1415 592 19 2500 583 138 2848
88 24 2952 1 8 85 0 6 44 618 2491 274 7 1581 549 1029 28 318 929 90 2 41 38 3 13 6354 12 721 1047 9 84 2763 3755 199 61 131 3600 725 1263
89 0 31 1 4 3 2570 19 472 24 1129 8558 214 2 20 213 695 57 456 16 5 22 7 1902 7479 33 23 2096 114 28 69 2170 495
90 5 0 3 4189 445 14 29 7 115 108 1257 232 37 8 12 1 2108 1425 4 1056 933 944 13 450 1809 467 10 87 2179 162 22 9 28 554
91 2367 14 1866 0 28 26 1279 426 111 237 3 53 463 585 10 406 40 56 101 8 2001 1 225 610 162 6 266 20 329 3784 27 126 138 3244
92 27 84 208 1321 1624 183 3 5 1131 20 2 11 9161 0 1 33 2465 109 140 117 17 6 2223 96 297 22 8005 61 1688 23 24 706 55 28 107 21 65 3097
93 1 127 17 0 16 57 3 5 4 522 26 10 242 48 789 4738 195 237 186 13 2890 184 110 11 3247 8 1638 864 412 2130 2099 3358 1077
94 310 0 4421 330 100 89 1 5710 10 730 33 18 11 659 4022 6 6962 9 25 5 4591 348 86 36 16 98 37 2 95 223 997 2281 20 226 252 138
95 676 99 0 6354 17 72 598 50 4285 186 437 164 2 2179 63 4 34 172 25 335 14 98 3055 3 7 842 1 52 8 731 1679 3774
96 81 17 0 21 29 1 242 4 1422 5 273 2 26 324 12 3 227 1183 5445 51 1575 4439 947 2771 86 6773 9 963 6337 1502
97 18 1 0 3 727 7 85 47 6 673 38 24 54 225 21 241 4425 129 9 10 4 71 113 19 231 1320 74 458 16 7457 6341 3295 197 138
98 1423 1 4711 15 2712 38 4 3064 307 51 0 6 395 5 921 14 40 173 3217 57 7 3083 3 5409 18 31 1573 1038 75 281 11 65 1671 3097
99 1 726 0 9 4 3 4625 8 104 756 15 175 2 548 5817 870 476 3738 7 5573 98 505 75 21 296 8868 11 210 28 137 519 2401 18 337 184 120 1365 977 3849 583
